빌드 시작: 2014-04-06 오전 11:11:51
     1>2 노드의 "C:\Users\We\Desktop\Graphics\Project1\Project1\Project1.vcxproj" 프로젝트(Build 대상)입니다.
     1>ClCompile:
         C:\Program Files (x86)\Microsoft Visual Studio 11.0\VC\bin\CL.exe /c /ZI /nologo /W3 /WX- /Od /Oy- /D WIN32 /D _DEBUG /D _CONSOLE /D _UNICODE /D UNICODE /Gm /EHsc /RTC1 /MDd /GS /fp:precise /Zc:wchar_t /Zc:forScope /Fo"Debug\\" /Fd"Debug\vc110.pdb" /Gd /TP /analyze- /errorReport:prompt 1403HW1SampleGLUTcode.cpp
         1403HW1SampleGLUTcode.cpp
     1>c:\users\we\desktop\graphics\project1\project1\1403hw1sampleglutcode.cpp(115): warning C4996: 'sprintf': This function or variable may be unsafe. Consider using sprintf_s instead. To disable deprecation, use _CRT_SECURE_NO_WARNINGS. See online help for details.
                 c:\program files (x86)\microsoft visual studio 11.0\vc\include\stdio.h(357) : 'sprintf' 선언을 참조하십시오.
     1>c:\users\we\desktop\graphics\project1\project1\1403hw1sampleglutcode.cpp(116): warning C4996: 'strcpy': This function or variable may be unsafe. Consider using strcpy_s instead. To disable deprecation, use _CRT_SECURE_NO_WARNINGS. See online help for details.
                 c:\program files (x86)\microsoft visual studio 11.0\vc\include\string.h(110) : 'strcpy' 선언을 참조하십시오.
     1>c:\users\we\desktop\graphics\project1\project1\1403hw1sampleglutcode.cpp(117): warning C4996: 'strcat': This function or variable may be unsafe. Consider using strcat_s instead. To disable deprecation, use _CRT_SECURE_NO_WARNINGS. See online help for details.
                 c:\program files (x86)\microsoft visual studio 11.0\vc\include\string.h(115) : 'strcat' 선언을 참조하십시오.
     1>c:\users\we\desktop\graphics\project1\project1\1403hw1sampleglutcode.cpp(151): warning C4996: 'sprintf': This function or variable may be unsafe. Consider using sprintf_s instead. To disable deprecation, use _CRT_SECURE_NO_WARNINGS. See online help for details.
                 c:\program files (x86)\microsoft visual studio 11.0\vc\include\stdio.h(357) : 'sprintf' 선언을 참조하십시오.
     1>c:\users\we\desktop\graphics\project1\project1\1403hw1sampleglutcode.cpp(152): warning C4996: 'strcpy': This function or variable may be unsafe. Consider using strcpy_s instead. To disable deprecation, use _CRT_SECURE_NO_WARNINGS. See online help for details.
                 c:\program files (x86)\microsoft visual studio 11.0\vc\include\string.h(110) : 'strcpy' 선언을 참조하십시오.
     1>c:\users\we\desktop\graphics\project1\project1\1403hw1sampleglutcode.cpp(153): warning C4996: 'strcat': This function or variable may be unsafe. Consider using strcat_s instead. To disable deprecation, use _CRT_SECURE_NO_WARNINGS. See online help for details.
                 c:\program files (x86)\microsoft visual studio 11.0\vc\include\string.h(115) : 'strcat' 선언을 참조하십시오.
     1>c:\users\we\desktop\graphics\project1\project1\1403hw1sampleglutcode.cpp(167): warning C4996: 'sprintf': This function or variable may be unsafe. Consider using sprintf_s instead. To disable deprecation, use _CRT_SECURE_NO_WARNINGS. See online help for details.
                 c:\program files (x86)\microsoft visual studio 11.0\vc\include\stdio.h(357) : 'sprintf' 선언을 참조하십시오.
     1>c:\users\we\desktop\graphics\project1\project1\1403hw1sampleglutcode.cpp(168): warning C4996: 'strcpy': This function or variable may be unsafe. Consider using strcpy_s instead. To disable deprecation, use _CRT_SECURE_NO_WARNINGS. See online help for details.
                 c:\program files (x86)\microsoft visual studio 11.0\vc\include\string.h(110) : 'strcpy' 선언을 참조하십시오.
     1>c:\users\we\desktop\graphics\project1\project1\1403hw1sampleglutcode.cpp(169): warning C4996: 'strcat': This function or variable may be unsafe. Consider using strcat_s instead. To disable deprecation, use _CRT_SECURE_NO_WARNINGS. See online help for details.
                 c:\program files (x86)\microsoft visual studio 11.0\vc\include\string.h(115) : 'strcat' 선언을 참조하십시오.
       Link:
         C:\Program Files (x86)\Microsoft Visual Studio 11.0\VC\bin\link.exe /ERRORREPORT:PROMPT /OUT:"C:\Users\We\Desktop\Graphics\Project1\Debug\Project1.exe" /INCREMENTAL /NOLOGO kernel32.lib user32.lib opengl32.lib glut32.lib glu32.lib gdi32.lib winspool.lib comdlg32.lib advapi32.lib shell32.lib ole32.lib oleaut32.lib uuid.lib odbc32.lib odbccp32.lib kernel32.lib user32.lib gdi32.lib winspool.lib comdlg32.lib advapi32.lib shell32.lib ole32.lib oleaut32.lib uuid.lib odbc32.lib odbccp32.lib /MANIFEST /MANIFESTUAC:"level='asInvoker' uiAccess='false'" /manifest:embed /DEBUG /PDB:"C:\Users\We\Desktop\Graphics\Project1\Debug\Project1.pdb" /SUBSYSTEM:CONSOLE /TLBID:1 /DYNAMICBASE /NXCOMPAT /IMPLIB:"C:\Users\We\Desktop\Graphics\Project1\Debug\Project1.lib" /MACHINE:X86 Debug\1403HW1SampleGLUTcode.obj
         Project1.vcxproj -> C:\Users\We\Desktop\Graphics\Project1\Debug\Project1.exe
     1>"C:\Users\We\Desktop\Graphics\Project1\Project1\Project1.vcxproj" 프로젝트를 빌드했습니다(Build 대상).

빌드했습니다.

경과 시간: 00:00:00.54
