빌드 시작: 2015-10-09 오전 10:11:42
     1>2 노드의 "C:\Users\US\Desktop\Graphics\HW2_20101682_이정현\Project2\Project2.vcxproj" 프로젝트(Build 대상)입니다.
     1>ClCompile:
         C:\Program Files (x86)\Microsoft Visual Studio 14.0\VC\bin\CL.exe /c /ZI /nologo /W3 /WX- /Od /Oy- /D WIN32 /D _DEBUG /D _CONSOLE /D _UNICODE /D UNICODE /Gm /EHsc /RTC1 /MDd /GS /fp:precise /Zc:wchar_t /Zc:forScope /Zc:inline /Fo"Debug\\" /Fd"Debug\vc140.pdb" /Gd /TP /analyze- /errorReport:prompt 1403CSE3170HW2.cpp Camera.cpp Draw.cpp FileIO.cpp
         FileIO.cpp
     1>c:\users\us\desktop\graphics\hw2_20101682_이정현\project2\fileio.cpp(25): warning C4996: 'sscanf': This function or variable may be unsafe. Consider using sscanf_s instead. To disable deprecation, use _CRT_SECURE_NO_WARNINGS. See online help for details.
         c:\program files (x86)\windows kits\10\include\10.0.10150.0\ucrt\stdio.h(2254): note: 'sscanf' 선언을 참조하십시오.
     1>c:\users\us\desktop\graphics\hw2_20101682_이정현\project2\fileio.cpp(28): warning C4996: 'sscanf': This function or variable may be unsafe. Consider using sscanf_s instead. To disable deprecation, use _CRT_SECURE_NO_WARNINGS. See online help for details.
         c:\program files (x86)\windows kits\10\include\10.0.10150.0\ucrt\stdio.h(2254): note: 'sscanf' 선언을 참조하십시오.
     1>c:\users\us\desktop\graphics\hw2_20101682_이정현\project2\fileio.cpp(31): warning C4996: 'fscanf': This function or variable may be unsafe. Consider using fscanf_s instead. To disable deprecation, use _CRT_SECURE_NO_WARNINGS. See online help for details.
         c:\program files (x86)\windows kits\10\include\10.0.10150.0\ucrt\stdio.h(1193): note: 'fscanf' 선언을 참조하십시오.
     1>c:\users\us\desktop\graphics\hw2_20101682_이정현\project2\fileio.cpp(15): warning C4101: 'tmp' :참조되지 않은 지역 변수입니다.
     1>c:\users\us\desktop\graphics\hw2_20101682_이정현\project2\fileio.cpp(55): warning C4996: 'sscanf': This function or variable may be unsafe. Consider using sscanf_s instead. To disable deprecation, use _CRT_SECURE_NO_WARNINGS. See online help for details.
         c:\program files (x86)\windows kits\10\include\10.0.10150.0\ucrt\stdio.h(2254): note: 'sscanf' 선언을 참조하십시오.
     1>c:\users\us\desktop\graphics\hw2_20101682_이정현\project2\fileio.cpp(58): warning C4996: 'sscanf': This function or variable may be unsafe. Consider using sscanf_s instead. To disable deprecation, use _CRT_SECURE_NO_WARNINGS. See online help for details.
         c:\program files (x86)\windows kits\10\include\10.0.10150.0\ucrt\stdio.h(2254): note: 'sscanf' 선언을 참조하십시오.
     1>c:\users\us\desktop\graphics\hw2_20101682_이정현\project2\fileio.cpp(62): warning C4474: 'printf' : 서식 문자열에 전달된 인수가 너무 많습니다.
         c:\users\us\desktop\graphics\hw2_20101682_이정현\project2\fileio.cpp(62): note: placeholders and their parameters expect 0 variadic arguments, but 1 were provided
     1>c:\users\us\desktop\graphics\hw2_20101682_이정현\project2\fileio.cpp(74): warning C4996: 'fopen': This function or variable may be unsafe. Consider using fopen_s instead. To disable deprecation, use _CRT_SECURE_NO_WARNINGS. See online help for details.
         c:\program files (x86)\windows kits\10\include\10.0.10150.0\ucrt\stdio.h(205): note: 'fopen' 선언을 참조하십시오.
     1>c:\users\us\desktop\graphics\hw2_20101682_이정현\project2\fileio.cpp(99): warning C4996: 'fopen': This function or variable may be unsafe. Consider using fopen_s instead. To disable deprecation, use _CRT_SECURE_NO_WARNINGS. See online help for details.
         c:\program files (x86)\windows kits\10\include\10.0.10150.0\ucrt\stdio.h(205): note: 'fopen' 선언을 참조하십시오.
     1>c:\users\us\desktop\graphics\hw2_20101682_이정현\project2\fileio.cpp(103): warning C4996: 'fscanf': This function or variable may be unsafe. Consider using fscanf_s instead. To disable deprecation, use _CRT_SECURE_NO_WARNINGS. See online help for details.
         c:\program files (x86)\windows kits\10\include\10.0.10150.0\ucrt\stdio.h(1193): note: 'fscanf' 선언을 참조하십시오.
     1>c:\users\us\desktop\graphics\hw2_20101682_이정현\project2\fileio.cpp(119): warning C4996: 'fscanf': This function or variable may be unsafe. Consider using fscanf_s instead. To disable deprecation, use _CRT_SECURE_NO_WARNINGS. See online help for details.
         c:\program files (x86)\windows kits\10\include\10.0.10150.0\ucrt\stdio.h(1193): note: 'fscanf' 선언을 참조하십시오.
     1>c:\users\us\desktop\graphics\hw2_20101682_이정현\project2\fileio.cpp(122): warning C4996: 'fscanf': This function or variable may be unsafe. Consider using fscanf_s instead. To disable deprecation, use _CRT_SECURE_NO_WARNINGS. See online help for details.
         c:\program files (x86)\windows kits\10\include\10.0.10150.0\ucrt\stdio.h(1193): note: 'fscanf' 선언을 참조하십시오.
     1>c:\users\us\desktop\graphics\hw2_20101682_이정현\project2\fileio.cpp(126): warning C4996: 'fscanf': This function or variable may be unsafe. Consider using fscanf_s instead. To disable deprecation, use _CRT_SECURE_NO_WARNINGS. See online help for details.
         c:\program files (x86)\windows kits\10\include\10.0.10150.0\ucrt\stdio.h(1193): note: 'fscanf' 선언을 참조하십시오.
     1>c:\users\us\desktop\graphics\hw2_20101682_이정현\project2\fileio.cpp(145): warning C4996: 'fscanf': This function or variable may be unsafe. Consider using fscanf_s instead. To disable deprecation, use _CRT_SECURE_NO_WARNINGS. See online help for details.
         c:\program files (x86)\windows kits\10\include\10.0.10150.0\ucrt\stdio.h(1193): note: 'fscanf' 선언을 참조하십시오.
     1>c:\users\us\desktop\graphics\hw2_20101682_이정현\project2\fileio.cpp(147): warning C4996: 'fscanf': This function or variable may be unsafe. Consider using fscanf_s instead. To disable deprecation, use _CRT_SECURE_NO_WARNINGS. See online help for details.
         c:\program files (x86)\windows kits\10\include\10.0.10150.0\ucrt\stdio.h(1193): note: 'fscanf' 선언을 참조하십시오.
     1>c:\users\us\desktop\graphics\hw2_20101682_이정현\project2\fileio.cpp(149): warning C4996: 'fscanf': This function or variable may be unsafe. Consider using fscanf_s instead. To disable deprecation, use _CRT_SECURE_NO_WARNINGS. See online help for details.
         c:\program files (x86)\windows kits\10\include\10.0.10150.0\ucrt\stdio.h(1193): note: 'fscanf' 선언을 참조하십시오.
     1>c:\users\us\desktop\graphics\hw2_20101682_이정현\project2\fileio.cpp(151): warning C4996: 'fscanf': This function or variable may be unsafe. Consider using fscanf_s instead. To disable deprecation, use _CRT_SECURE_NO_WARNINGS. See online help for details.
         c:\program files (x86)\windows kits\10\include\10.0.10150.0\ucrt\stdio.h(1193): note: 'fscanf' 선언을 참조하십시오.
     1>c:\users\us\desktop\graphics\hw2_20101682_이정현\project2\fileio.cpp(171): warning C4996: 'fopen': This function or variable may be unsafe. Consider using fopen_s instead. To disable deprecation, use _CRT_SECURE_NO_WARNINGS. See online help for details.
         c:\program files (x86)\windows kits\10\include\10.0.10150.0\ucrt\stdio.h(205): note: 'fopen' 선언을 참조하십시오.
     1>c:\users\us\desktop\graphics\hw2_20101682_이정현\project2\fileio.cpp(176): warning C4996: 'fscanf': This function or variable may be unsafe. Consider using fscanf_s instead. To disable deprecation, use _CRT_SECURE_NO_WARNINGS. See online help for details.
         c:\program files (x86)\windows kits\10\include\10.0.10150.0\ucrt\stdio.h(1193): note: 'fscanf' 선언을 참조하십시오.
     1>c:\users\us\desktop\graphics\hw2_20101682_이정현\project2\fileio.cpp(184): warning C4996: 'fscanf': This function or variable may be unsafe. Consider using fscanf_s instead. To disable deprecation, use _CRT_SECURE_NO_WARNINGS. See online help for details.
         c:\program files (x86)\windows kits\10\include\10.0.10150.0\ucrt\stdio.h(1193): note: 'fscanf' 선언을 참조하십시오.
     1>c:\users\us\desktop\graphics\hw2_20101682_이정현\project2\fileio.cpp(186): warning C4996: 'fscanf': This function or variable may be unsafe. Consider using fscanf_s instead. To disable deprecation, use _CRT_SECURE_NO_WARNINGS. See online help for details.
         c:\program files (x86)\windows kits\10\include\10.0.10150.0\ucrt\stdio.h(1193): note: 'fscanf' 선언을 참조하십시오.
     1>c:\users\us\desktop\graphics\hw2_20101682_이정현\project2\fileio.cpp(194): warning C4996: 'fscanf': This function or variable may be unsafe. Consider using fscanf_s instead. To disable deprecation, use _CRT_SECURE_NO_WARNINGS. See online help for details.
         c:\program files (x86)\windows kits\10\include\10.0.10150.0\ucrt\stdio.h(1193): note: 'fscanf' 선언을 참조하십시오.
     1>c:\users\us\desktop\graphics\hw2_20101682_이정현\project2\fileio.cpp(196): warning C4996: 'fscanf': This function or variable may be unsafe. Consider using fscanf_s instead. To disable deprecation, use _CRT_SECURE_NO_WARNINGS. See online help for details.
         c:\program files (x86)\windows kits\10\include\10.0.10150.0\ucrt\stdio.h(1193): note: 'fscanf' 선언을 참조하십시오.
     1>c:\users\us\desktop\graphics\hw2_20101682_이정현\project2\fileio.cpp(198): warning C4996: 'fscanf': This function or variable may be unsafe. Consider using fscanf_s instead. To disable deprecation, use _CRT_SECURE_NO_WARNINGS. See online help for details.
         c:\program files (x86)\windows kits\10\include\10.0.10150.0\ucrt\stdio.h(1193): note: 'fscanf' 선언을 참조하십시오.
     1>c:\users\us\desktop\graphics\hw2_20101682_이정현\project2\fileio.cpp(200): warning C4996: 'fscanf': This function or variable may be unsafe. Consider using fscanf_s instead. To disable deprecation, use _CRT_SECURE_NO_WARNINGS. See online help for details.
         c:\program files (x86)\windows kits\10\include\10.0.10150.0\ucrt\stdio.h(1193): note: 'fscanf' 선언을 참조하십시오.
     1>c:\users\us\desktop\graphics\hw2_20101682_이정현\project2\fileio.cpp(201): warning C4996: 'fscanf': This function or variable may be unsafe. Consider using fscanf_s instead. To disable deprecation, use _CRT_SECURE_NO_WARNINGS. See online help for details.
         c:\program files (x86)\windows kits\10\include\10.0.10150.0\ucrt\stdio.h(1193): note: 'fscanf' 선언을 참조하십시오.
     1>c:\users\us\desktop\graphics\hw2_20101682_이정현\project2\fileio.cpp(204): warning C4996: 'fscanf': This function or variable may be unsafe. Consider using fscanf_s instead. To disable deprecation, use _CRT_SECURE_NO_WARNINGS. See online help for details.
         c:\program files (x86)\windows kits\10\include\10.0.10150.0\ucrt\stdio.h(1193): note: 'fscanf' 선언을 참조하십시오.
     1>c:\users\us\desktop\graphics\hw2_20101682_이정현\project2\fileio.cpp(205): warning C4996: 'fscanf': This function or variable may be unsafe. Consider using fscanf_s instead. To disable deprecation, use _CRT_SECURE_NO_WARNINGS. See online help for details.
         c:\program files (x86)\windows kits\10\include\10.0.10150.0\ucrt\stdio.h(1193): note: 'fscanf' 선언을 참조하십시오.
     1>c:\users\us\desktop\graphics\hw2_20101682_이정현\project2\fileio.cpp(206): warning C4996: 'fscanf': This function or variable may be unsafe. Consider using fscanf_s instead. To disable deprecation, use _CRT_SECURE_NO_WARNINGS. See online help for details.
         c:\program files (x86)\windows kits\10\include\10.0.10150.0\ucrt\stdio.h(1193): note: 'fscanf' 선언을 참조하십시오.
     1>c:\users\us\desktop\graphics\hw2_20101682_이정현\project2\fileio.cpp(207): warning C4996: 'fscanf': This function or variable may be unsafe. Consider using fscanf_s instead. To disable deprecation, use _CRT_SECURE_NO_WARNINGS. See online help for details.
         c:\program files (x86)\windows kits\10\include\10.0.10150.0\ucrt\stdio.h(1193): note: 'fscanf' 선언을 참조하십시오.
     1>c:\users\us\desktop\graphics\hw2_20101682_이정현\project2\fileio.cpp(214): warning C4996: 'fscanf': This function or variable may be unsafe. Consider using fscanf_s instead. To disable deprecation, use _CRT_SECURE_NO_WARNINGS. See online help for details.
         c:\program files (x86)\windows kits\10\include\10.0.10150.0\ucrt\stdio.h(1193): note: 'fscanf' 선언을 참조하십시오.
     1>c:\users\us\desktop\graphics\hw2_20101682_이정현\project2\fileio.cpp(233): warning C4996: 'fopen': This function or variable may be unsafe. Consider using fopen_s instead. To disable deprecation, use _CRT_SECURE_NO_WARNINGS. See online help for details.
         c:\program files (x86)\windows kits\10\include\10.0.10150.0\ucrt\stdio.h(205): note: 'fopen' 선언을 참조하십시오.
     1>c:\users\us\desktop\graphics\hw2_20101682_이정현\project2\fileio.cpp(238): warning C4996: 'fscanf': This function or variable may be unsafe. Consider using fscanf_s instead. To disable deprecation, use _CRT_SECURE_NO_WARNINGS. See online help for details.
         c:\program files (x86)\windows kits\10\include\10.0.10150.0\ucrt\stdio.h(1193): note: 'fscanf' 선언을 참조하십시오.
     1>c:\users\us\desktop\graphics\hw2_20101682_이정현\project2\fileio.cpp(247): warning C4996: 'fscanf': This function or variable may be unsafe. Consider using fscanf_s instead. To disable deprecation, use _CRT_SECURE_NO_WARNINGS. See online help for details.
         c:\program files (x86)\windows kits\10\include\10.0.10150.0\ucrt\stdio.h(1193): note: 'fscanf' 선언을 참조하십시오.
     1>c:\users\us\desktop\graphics\hw2_20101682_이정현\project2\fileio.cpp(249): warning C4996: 'fscanf': This function or variable may be unsafe. Consider using fscanf_s instead. To disable deprecation, use _CRT_SECURE_NO_WARNINGS. See online help for details.
         c:\program files (x86)\windows kits\10\include\10.0.10150.0\ucrt\stdio.h(1193): note: 'fscanf' 선언을 참조하십시오.
     1>c:\users\us\desktop\graphics\hw2_20101682_이정현\project2\fileio.cpp(257): warning C4996: 'fscanf': This function or variable may be unsafe. Consider using fscanf_s instead. To disable deprecation, use _CRT_SECURE_NO_WARNINGS. See online help for details.
         c:\program files (x86)\windows kits\10\include\10.0.10150.0\ucrt\stdio.h(1193): note: 'fscanf' 선언을 참조하십시오.
     1>c:\users\us\desktop\graphics\hw2_20101682_이정현\project2\fileio.cpp(259): warning C4996: 'fscanf': This function or variable may be unsafe. Consider using fscanf_s instead. To disable deprecation, use _CRT_SECURE_NO_WARNINGS. See online help for details.
         c:\program files (x86)\windows kits\10\include\10.0.10150.0\ucrt\stdio.h(1193): note: 'fscanf' 선언을 참조하십시오.
     1>c:\users\us\desktop\graphics\hw2_20101682_이정현\project2\fileio.cpp(261): warning C4996: 'fscanf': This function or variable may be unsafe. Consider using fscanf_s instead. To disable deprecation, use _CRT_SECURE_NO_WARNINGS. See online help for details.
         c:\program files (x86)\windows kits\10\include\10.0.10150.0\ucrt\stdio.h(1193): note: 'fscanf' 선언을 참조하십시오.
     1>c:\users\us\desktop\graphics\hw2_20101682_이정현\project2\fileio.cpp(263): warning C4996: 'fscanf': This function or variable may be unsafe. Consider using fscanf_s instead. To disable deprecation, use _CRT_SECURE_NO_WARNINGS. See online help for details.
         c:\program files (x86)\windows kits\10\include\10.0.10150.0\ucrt\stdio.h(1193): note: 'fscanf' 선언을 참조하십시오.
     1>c:\users\us\desktop\graphics\hw2_20101682_이정현\project2\fileio.cpp(264): warning C4996: 'fscanf': This function or variable may be unsafe. Consider using fscanf_s instead. To disable deprecation, use _CRT_SECURE_NO_WARNINGS. See online help for details.
         c:\program files (x86)\windows kits\10\include\10.0.10150.0\ucrt\stdio.h(1193): note: 'fscanf' 선언을 참조하십시오.
     1>c:\users\us\desktop\graphics\hw2_20101682_이정현\project2\fileio.cpp(267): warning C4996: 'fscanf': This function or variable may be unsafe. Consider using fscanf_s instead. To disable deprecation, use _CRT_SECURE_NO_WARNINGS. See online help for details.
         c:\program files (x86)\windows kits\10\include\10.0.10150.0\ucrt\stdio.h(1193): note: 'fscanf' 선언을 참조하십시오.
     1>c:\users\us\desktop\graphics\hw2_20101682_이정현\project2\fileio.cpp(268): warning C4996: 'fscanf': This function or variable may be unsafe. Consider using fscanf_s instead. To disable deprecation, use _CRT_SECURE_NO_WARNINGS. See online help for details.
         c:\program files (x86)\windows kits\10\include\10.0.10150.0\ucrt\stdio.h(1193): note: 'fscanf' 선언을 참조하십시오.
     1>c:\users\us\desktop\graphics\hw2_20101682_이정현\project2\fileio.cpp(269): warning C4996: 'fscanf': This function or variable may be unsafe. Consider using fscanf_s instead. To disable deprecation, use _CRT_SECURE_NO_WARNINGS. See online help for details.
         c:\program files (x86)\windows kits\10\include\10.0.10150.0\ucrt\stdio.h(1193): note: 'fscanf' 선언을 참조하십시오.
     1>c:\users\us\desktop\graphics\hw2_20101682_이정현\project2\fileio.cpp(270): warning C4996: 'fscanf': This function or variable may be unsafe. Consider using fscanf_s instead. To disable deprecation, use _CRT_SECURE_NO_WARNINGS. See online help for details.
         c:\program files (x86)\windows kits\10\include\10.0.10150.0\ucrt\stdio.h(1193): note: 'fscanf' 선언을 참조하십시오.
         Draw.cpp
     1>c:\users\us\desktop\graphics\hw2_20101682_이정현\project2\draw.cpp(231): warning C4838: 'double'에서 'GLfloat'(으)로의 변환에는 축소 변환이 필요합니다.
     1>c:\users\us\desktop\graphics\hw2_20101682_이정현\project2\draw.cpp(232): warning C4838: 'double'에서 'GLfloat'(으)로의 변환에는 축소 변환이 필요합니다.
     1>c:\users\us\desktop\graphics\hw2_20101682_이정현\project2\draw.cpp(233): warning C4838: 'double'에서 'GLfloat'(으)로의 변환에는 축소 변환이 필요합니다.
     1>c:\users\us\desktop\graphics\hw2_20101682_이정현\project2\draw.cpp(237): warning C4838: 'double'에서 'GLfloat'(으)로의 변환에는 축소 변환이 필요합니다.
     1>c:\users\us\desktop\graphics\hw2_20101682_이정현\project2\draw.cpp(238): warning C4838: 'double'에서 'GLfloat'(으)로의 변환에는 축소 변환이 필요합니다.
     1>c:\users\us\desktop\graphics\hw2_20101682_이정현\project2\draw.cpp(239): warning C4838: 'double'에서 'GLfloat'(으)로의 변환에는 축소 변환이 필요합니다.
         Camera.cpp
         1403CSE3170HW2.cpp
     1>c:\users\us\desktop\graphics\hw2_20101682_이정현\project2\1403cse3170hw2.cpp(17): warning C4838: 'double'에서 'GLfloat'(으)로의 변환에는 축소 변환이 필요합니다.
     1>c:\users\us\desktop\graphics\hw2_20101682_이정현\project2\1403cse3170hw2.cpp(18): warning C4838: 'double'에서 'GLfloat'(으)로의 변환에는 축소 변환이 필요합니다.
     1>c:\users\us\desktop\graphics\hw2_20101682_이정현\project2\1403cse3170hw2.cpp(19): warning C4838: 'double'에서 'GLfloat'(으)로의 변환에는 축소 변환이 필요합니다.
     1>c:\users\us\desktop\graphics\hw2_20101682_이정현\project2\1403cse3170hw2.cpp(24): warning C4838: 'double'에서 'GLfloat'(으)로의 변환에는 축소 변환이 필요합니다.
     1>c:\users\us\desktop\graphics\hw2_20101682_이정현\project2\1403cse3170hw2.cpp(25): warning C4838: 'double'에서 'GLfloat'(으)로의 변환에는 축소 변환이 필요합니다.
     1>c:\users\us\desktop\graphics\hw2_20101682_이정현\project2\1403cse3170hw2.cpp(26): warning C4838: 'double'에서 'GLfloat'(으)로의 변환에는 축소 변환이 필요합니다.
     1>c:\users\us\desktop\graphics\hw2_20101682_이정현\project2\1403cse3170hw2.cpp(30): warning C4838: 'double'에서 'GLfloat'(으)로의 변환에는 축소 변환이 필요합니다.
     1>c:\users\us\desktop\graphics\hw2_20101682_이정현\project2\1403cse3170hw2.cpp(31): warning C4838: 'double'에서 'GLfloat'(으)로의 변환에는 축소 변환이 필요합니다.
     1>c:\users\us\desktop\graphics\hw2_20101682_이정현\project2\1403cse3170hw2.cpp(32): warning C4838: 'double'에서 'GLfloat'(으)로의 변환에는 축소 변환이 필요합니다.
     1>c:\users\us\desktop\graphics\hw2_20101682_이정현\project2\1403cse3170hw2.cpp(37): warning C4838: 'double'에서 'GLfloat'(으)로의 변환에는 축소 변환이 필요합니다.
     1>c:\users\us\desktop\graphics\hw2_20101682_이정현\project2\1403cse3170hw2.cpp(38): warning C4838: 'double'에서 'GLfloat'(으)로의 변환에는 축소 변환이 필요합니다.
     1>c:\users\us\desktop\graphics\hw2_20101682_이정현\project2\1403cse3170hw2.cpp(39): warning C4838: 'double'에서 'GLfloat'(으)로의 변환에는 축소 변환이 필요합니다.
     1>c:\users\us\desktop\graphics\hw2_20101682_이정현\project2\1403cse3170hw2.cpp(41): warning C4838: 'double'에서 'GLfloat'(으)로의 변환에는 축소 변환이 필요합니다.
     1>c:\users\us\desktop\graphics\hw2_20101682_이정현\project2\1403cse3170hw2.cpp(42): warning C4838: 'double'에서 'GLfloat'(으)로의 변환에는 축소 변환이 필요합니다.
     1>c:\users\us\desktop\graphics\hw2_20101682_이정현\project2\1403cse3170hw2.cpp(43): warning C4838: 'double'에서 'GLfloat'(으)로의 변환에는 축소 변환이 필요합니다.
     1>c:\users\us\desktop\graphics\hw2_20101682_이정현\project2\1403cse3170hw2.cpp(46): warning C4838: 'double'에서 'GLfloat'(으)로의 변환에는 축소 변환이 필요합니다.
     1>c:\users\us\desktop\graphics\hw2_20101682_이정현\project2\1403cse3170hw2.cpp(47): warning C4838: 'double'에서 'GLfloat'(으)로의 변환에는 축소 변환이 필요합니다.
     1>c:\users\us\desktop\graphics\hw2_20101682_이정현\project2\1403cse3170hw2.cpp(48): warning C4838: 'double'에서 'GLfloat'(으)로의 변환에는 축소 변환이 필요합니다.
     1>c:\users\us\desktop\graphics\hw2_20101682_이정현\project2\1403cse3170hw2.cpp(51): warning C4838: 'double'에서 'GLfloat'(으)로의 변환에는 축소 변환이 필요합니다.
     1>c:\users\us\desktop\graphics\hw2_20101682_이정현\project2\1403cse3170hw2.cpp(53): warning C4838: 'double'에서 'GLfloat'(으)로의 변환에는 축소 변환이 필요합니다.
     1>c:\users\us\desktop\graphics\hw2_20101682_이정현\project2\1403cse3170hw2.cpp(54): warning C4838: 'double'에서 'GLfloat'(으)로의 변환에는 축소 변환이 필요합니다.
     1>c:\users\us\desktop\graphics\hw2_20101682_이정현\project2\1403cse3170hw2.cpp(55): warning C4838: 'double'에서 'GLfloat'(으)로의 변환에는 축소 변환이 필요합니다.
     1>c:\users\us\desktop\graphics\hw2_20101682_이정현\project2\1403cse3170hw2.cpp(57): warning C4838: 'double'에서 'GLfloat'(으)로의 변환에는 축소 변환이 필요합니다.
     1>c:\users\us\desktop\graphics\hw2_20101682_이정현\project2\1403cse3170hw2.cpp(58): warning C4838: 'double'에서 'GLfloat'(으)로의 변환에는 축소 변환이 필요합니다.
     1>c:\users\us\desktop\graphics\hw2_20101682_이정현\project2\1403cse3170hw2.cpp(59): warning C4838: 'double'에서 'GLfloat'(으)로의 변환에는 축소 변환이 필요합니다.
     1>c:\users\us\desktop\graphics\hw2_20101682_이정현\project2\1403cse3170hw2.cpp(62): warning C4838: 'double'에서 'GLfloat'(으)로의 변환에는 축소 변환이 필요합니다.
     1>c:\users\us\desktop\graphics\hw2_20101682_이정현\project2\1403cse3170hw2.cpp(63): warning C4838: 'double'에서 'GLfloat'(으)로의 변환에는 축소 변환이 필요합니다.
     1>c:\users\us\desktop\graphics\hw2_20101682_이정현\project2\1403cse3170hw2.cpp(64): warning C4838: 'double'에서 'GLfloat'(으)로의 변환에는 축소 변환이 필요합니다.
     1>c:\users\us\desktop\graphics\hw2_20101682_이정현\project2\1403cse3170hw2.cpp(67): warning C4838: 'double'에서 'GLfloat'(으)로의 변환에는 축소 변환이 필요합니다.
     1>c:\users\us\desktop\graphics\hw2_20101682_이정현\project2\1403cse3170hw2.cpp(68): warning C4838: 'double'에서 'GLfloat'(으)로의 변환에는 축소 변환이 필요합니다.
     1>c:\users\us\desktop\graphics\hw2_20101682_이정현\project2\1403cse3170hw2.cpp(69): warning C4838: 'double'에서 'GLfloat'(으)로의 변환에는 축소 변환이 필요합니다.
     1>c:\users\us\desktop\graphics\hw2_20101682_이정현\project2\1403cse3170hw2.cpp(72): warning C4838: 'double'에서 'GLfloat'(으)로의 변환에는 축소 변환이 필요합니다.
     1>c:\users\us\desktop\graphics\hw2_20101682_이정현\project2\1403cse3170hw2.cpp(73): warning C4838: 'double'에서 'GLfloat'(으)로의 변환에는 축소 변환이 필요합니다.
     1>c:\users\us\desktop\graphics\hw2_20101682_이정현\project2\1403cse3170hw2.cpp(74): warning C4838: 'double'에서 'GLfloat'(으)로의 변환에는 축소 변환이 필요합니다.
         코드를 생성하고 있습니다...
       Link:
         C:\Program Files (x86)\Microsoft Visual Studio 14.0\VC\bin\link.exe /ERRORREPORT:PROMPT /OUT:"C:\Users\US\Desktop\Graphics\HW2_20101682_이정현\Project2\Debug\Project2.exe" /INCREMENTAL /NOLOGO kernel32.lib user32.lib gdi32.lib winspool.lib comdlg32.lib advapi32.lib shell32.lib ole32.lib oleaut32.lib uuid.lib odbc32.lib odbccp32.lib /MANIFEST /MANIFESTUAC:"level='asInvoker' uiAccess='false'" /manifest:embed /Debug /PDB:"C:\Users\US\Desktop\Graphics\HW2_20101682_이정현\Project2\Debug\Project2.pdb" /SUBSYSTEM:CONSOLE /TLBID:1 /DYNAMICBASE /NXCOMPAT /IMPLIB:"C:\Users\US\Desktop\Graphics\HW2_20101682_이정현\Project2\Debug\Project2.lib" /MACHINE:X86 Debug\1403CSE3170HW2.obj
         Debug\Camera.obj
         Debug\Draw.obj
         Debug\FileIO.obj
         Project2.vcxproj -> C:\Users\US\Desktop\Graphics\HW2_20101682_이정현\Project2\Debug\Project2.exe
     1>"C:\Users\US\Desktop\Graphics\HW2_20101682_이정현\Project2\Project2.vcxproj" 프로젝트를 빌드했습니다(Build 대상).

빌드했습니다.

경과 시간: 00:00:02.09
